<?xml version="1.0" encoding="UTF-8"?>
<!-- Generated by org.testng.reporters.JUnitReportReporter -->
<testsuite hostname="CHDSEZ503919L" failures="0" tests="3" name="com.testcases.DataProvider01" time="5.516" errors="0" timestamp="06 May 2022 05:16:10 GMT" skipped="0">
  <testcase classname="com.testcases.DataProvider01" name="test" time="0.600"/>
  <testcase classname="com.testcases.DataProvider01" name="test" time="4.337"/>
  <testcase classname="com.testcases.DataProvider01" name="test" time="0.579"/>
</testsuite> <!-- com.testcases.DataProvider01 -->
