<?xml version="1.0" encoding="UTF-8"?>
<!-- Generated by org.testng.reporters.JUnitReportReporter -->
<testsuite hostname="CHDSEZ503919L" failures="0" tests="1" name="assignment2Selenium.GoogleAccountCreation" time="4.834" errors="0" timestamp="06 May 2022 05:52:48 GMT" skipped="0">
  <testcase classname="assignment2Selenium.GoogleAccountCreation" name="f" time="4.834"/>
</testsuite> <!-- assignment2Selenium.GoogleAccountCreation -->
